#
# There is insufficient memory for the Java Runtime Environment to continue.
# Native memory allocation (mmap) failed to map 201326592 bytes for G1 virtual space
# Possible reasons:
#   The system is out of physical RAM or swap space
#   The process is running with CompressedOops enabled, and the Java Heap may be blocking the growth of the native heap
# Possible solutions:
#   Reduce memory load on the system
#   Increase physical memory or swap space
#   Check if swap backing store is full
#   Decrease Java heap size (-Xmx/-Xms)
#   Decrease number of Java threads
#   Decrease Java thread stack sizes (-Xss)
#   Set larger code cache with -XX:ReservedCodeCacheSize=
#   JVM is running with Zero Based Compressed Oops mode in which the Java heap is
#     placed in the first 32GB address space. The Java Heap base address is the
#     maximum limit for the native heap growth. Please use -XX:HeapBaseMinAddress
#     to set the Java Heap base and to place the Java Heap above 32GB virtual address.
# This output file may be truncated or incomplete.
#
#  Out of Memory Error (os_windows.cpp:3613), pid=24416, tid=20724
#
# JRE version:  (17.0.10+7) (build )
# Java VM: OpenJDK 64-Bit Server VM (17.0.10+7, mixed mode, sharing, tiered, compressed oops, compressed class ptrs, g1 gc, windows-amd64)
# No core dump will be written. Minidumps are not enabled by default on client versions of Windows
#

---------------  S U M M A R Y ------------

Command Line: -Dnet.bytebuddy.agent.attacher.dump= net.bytebuddy.agent.Attacher com.sun.tools.attach.VirtualMachine 10460 C:\Users\Bandi.Vinay\.m2\repository\net\bytebuddy\byte-buddy-agent\1.15.11\byte-buddy-agent-1.15.11.jar false 

Host: Intel(R) Core(TM) i5-4200U CPU @ 1.60GHz, 4 cores, 11G,  Windows 10 , 64 bit Build 19041 (10.0.19041.5198)
Time: Thu Feb 13 15:40:01 2025 India Standard Time elapsed time: 0.035322 seconds (0d 0h 0m 0s)

---------------  T H R E A D  ---------------

Current thread (0x000001d96df62970):  JavaThread "Unknown thread" [_thread_in_vm, id=20724, stack(0x0000006112e00000,0x0000006112f00000)]

Stack: [0x0000006112e00000,0x0000006112f00000]
Native frames: (J=compiled Java code, j=interpreted, Vv=VM code, C=native code)
V  [jvm.dll+0x67d2c9]
V  [jvm.dll+0x834afa]
V  [jvm.dll+0x8365be]
V  [jvm.dll+0x836c23]
V  [jvm.dll+0x2477ff]
V  [jvm.dll+0x67a109]
V  [jvm.dll+0x66eb7a]
V  [jvm.dll+0x30764b]
V  [jvm.dll+0x30eaf6]
V  [jvm.dll+0x35e83e]
V  [jvm.dll+0x35ea6f]
V  [jvm.dll+0x2de248]
V  [jvm.dll+0x2df1b4]
V  [jvm.dll+0x806361]
V  [jvm.dll+0x36c6f1]
V  [jvm.dll+0x7e4e06]
V  [jvm.dll+0x3eff3f]
V  [jvm.dll+0x3f1b71]
C  [jli.dll+0x528f]
C  [ucrtbase.dll+0x21bb2]
C  [KERNEL32.DLL+0x17374]
C  [ntdll.dll+0x4cc91]


---------------  P R O C E S S  ---------------

Threads class SMR info:
_java_thread_list=0x00007ffd5c0dee98, length=0, elements={
}

Java Threads: ( => current thread )

Other Threads:
  0x000001d96dfb86a0 GCTaskThread "GC Thread#0" [stack: 0x0000006112f00000,0x0000006113000000] [id=19480]
  0x000001d96dfc5440 ConcurrentGCThread "G1 Main Marker" [stack: 0x0000006113000000,0x0000006113100000] [id=33160]
  0x000001d96dfc5e60 ConcurrentGCThread "G1 Conc#0" [stack: 0x0000006113100000,0x0000006113200000] [id=18792]

[error occurred during error reporting (printing all threads), id 0xc0000005, EXCEPTION_ACCESS_VIOLATION (0xc0000005) at pc=0x00007ffd5b89ec87]

VM state: not at safepoint (not fully initialized)

VM Mutex/Monitor currently owned by a thread:  ([mutex/lock_event])
[0x000001d96df5f500] Heap_lock - owner thread: 0x000001d96df62970

Heap address: 0x0000000741a00000, size: 3046 MB, Compressed Oops mode: Zero based, Oop shift amount: 3

CDS archive(s) mapped at: [0x0000000000000000-0x0000000000000000-0x0000000000000000), size 0, SharedBaseAddress: 0x0000000800000000, ArchiveRelocationMode: 1.
Narrow klass base: 0x0000000000000000, Narrow klass shift: 0, Narrow klass range: 0x0

GC Precious Log:
<Empty>

Heap:
 garbage-first heap   total 0K, used 0K [0x0000000741a00000, 0x0000000800000000)
  region size 2048K, 0 young (0K), 0 survivors (0K)

[error occurred during error reporting (printing heap information), id 0xc0000005, EXCEPTION_ACCESS_VIOLATION (0xc0000005) at pc=0x00007ffd5bc86fb9]

GC Heap History (0 events):
No events

Dll operation events (1 events):
Event: 0.018 Loaded shared library C:\Users\Bandi.Vinay\Downloads\sts-4.22.0.RELEASE\plugins\org.eclipse.justj.openjdk.hotspot.jre.full.win32.x86_64_17.0.10.v20240120-1143\jre\bin\java.dll

Deoptimization events (0 events):
No events

Classes unloaded (0 events):
No events

Classes redefined (0 events):
No events

Internal exceptions (0 events):
No events

VM Operations (0 events):
No events

Events (0 events):
No events


Dynamic libraries:
0x00007ff672c90000 - 0x00007ff672c9e000 	C:\Users\Bandi.Vinay\Downloads\sts-4.22.0.RELEASE\plugins\org.eclipse.justj.openjdk.hotspot.jre.full.win32.x86_64_17.0.10.v20240120-1143\jre\bin\java.exe
0x00007ffdb5f90000 - 0x00007ffdb6188000 	C:\WINDOWS\SYSTEM32\ntdll.dll
0x00007ffdb56d0000 - 0x00007ffdb5792000 	C:\WINDOWS\System32\KERNEL32.DLL
0x00007ffdb3990000 - 0x00007ffdb3c8f000 	C:\WINDOWS\System32\KERNELBASE.dll
0x00007ffdb3770000 - 0x00007ffdb3870000 	C:\WINDOWS\System32\ucrtbase.dll
0x00007ffd9bde0000 - 0x00007ffd9bdf7000 	C:\Users\Bandi.Vinay\Downloads\sts-4.22.0.RELEASE\plugins\org.eclipse.justj.openjdk.hotspot.jre.full.win32.x86_64_17.0.10.v20240120-1143\jre\bin\jli.dll
0x00007ffdb5830000 - 0x00007ffdb59cd000 	C:\WINDOWS\System32\USER32.dll
0x00007ffdb3f70000 - 0x00007ffdb3f92000 	C:\WINDOWS\System32\win32u.dll
0x00007ffdb5a70000 - 0x00007ffdb5a9b000 	C:\WINDOWS\System32\GDI32.dll
0x00007ffdb3870000 - 0x00007ffdb3987000 	C:\WINDOWS\System32\gdi32full.dll
0x00007ffdb36d0000 - 0x00007ffdb376d000 	C:\WINDOWS\System32\msvcp_win.dll
0x00007ffd97cc0000 - 0x00007ffd97cdb000 	C:\Users\Bandi.Vinay\Downloads\sts-4.22.0.RELEASE\plugins\org.eclipse.justj.openjdk.hotspot.jre.full.win32.x86_64_17.0.10.v20240120-1143\jre\bin\VCRUNTIME140.dll
0x00007ffda1f70000 - 0x00007ffda220a000 	C:\WINDOWS\WinSxS\amd64_microsoft.windows.common-controls_6595b64144ccf1df_6.0.19041.4355_none_60b8b9eb71f62e16\COMCTL32.dll
0x00007ffdb4000000 - 0x00007ffdb409e000 	C:\WINDOWS\System32\msvcrt.dll
0x00007ffdb5f20000 - 0x00007ffdb5f4f000 	C:\WINDOWS\System32\IMM32.DLL
0x00007ffdacd40000 - 0x00007ffdacd4c000 	C:\Users\Bandi.Vinay\Downloads\sts-4.22.0.RELEASE\plugins\org.eclipse.justj.openjdk.hotspot.jre.full.win32.x86_64_17.0.10.v20240120-1143\jre\bin\vcruntime140_1.dll
0x00007ffd87be0000 - 0x00007ffd87c6d000 	C:\Users\Bandi.Vinay\Downloads\sts-4.22.0.RELEASE\plugins\org.eclipse.justj.openjdk.hotspot.jre.full.win32.x86_64_17.0.10.v20240120-1143\jre\bin\msvcp140.dll
0x00007ffd5b5b0000 - 0x00007ffd5c212000 	C:\Users\Bandi.Vinay\Downloads\sts-4.22.0.RELEASE\plugins\org.eclipse.justj.openjdk.hotspot.jre.full.win32.x86_64_17.0.10.v20240120-1143\jre\bin\server\jvm.dll
0x00007ffdb5e60000 - 0x00007ffdb5f11000 	C:\WINDOWS\System32\ADVAPI32.dll
0x00007ffdb4440000 - 0x00007ffdb44df000 	C:\WINDOWS\System32\sechost.dll
0x00007ffdb5b80000 - 0x00007ffdb5ca3000 	C:\WINDOWS\System32\RPCRT4.dll
0x00007ffdb3df0000 - 0x00007ffdb3e17000 	C:\WINDOWS\System32\bcrypt.dll
0x00007ffdb2b60000 - 0x00007ffdb2bab000 	C:\WINDOWS\SYSTEM32\POWRPROF.dll
0x00007ffd9c040000 - 0x00007ffd9c049000 	C:\WINDOWS\SYSTEM32\WSOCK32.dll
0x00007ffdb44e0000 - 0x00007ffdb454b000 	C:\WINDOWS\System32\WS2_32.dll
0x00007ffd971c0000 - 0x00007ffd971e7000 	C:\WINDOWS\SYSTEM32\WINMM.dll
0x00007ffda2940000 - 0x00007ffda294a000 	C:\WINDOWS\SYSTEM32\VERSION.dll
0x00007ffdb2a20000 - 0x00007ffdb2a32000 	C:\WINDOWS\SYSTEM32\UMPDC.dll
0x00007ffdb1b50000 - 0x00007ffdb1b62000 	C:\WINDOWS\SYSTEM32\kernel.appcore.dll
0x00007ffdae640000 - 0x00007ffdae64a000 	C:\Users\Bandi.Vinay\Downloads\sts-4.22.0.RELEASE\plugins\org.eclipse.justj.openjdk.hotspot.jre.full.win32.x86_64_17.0.10.v20240120-1143\jre\bin\jimage.dll
0x00007ffd9f850000 - 0x00007ffd9fa34000 	C:\WINDOWS\SYSTEM32\DBGHELP.DLL
0x00007ffd9f810000 - 0x00007ffd9f844000 	C:\WINDOWS\SYSTEM32\dbgcore.DLL
0x00007ffdb3e20000 - 0x00007ffdb3ea2000 	C:\WINDOWS\System32\bcryptPrimitives.dll
0x00007ffda5610000 - 0x00007ffda5635000 	C:\Users\Bandi.Vinay\Downloads\sts-4.22.0.RELEASE\plugins\org.eclipse.justj.openjdk.hotspot.jre.full.win32.x86_64_17.0.10.v20240120-1143\jre\bin\java.dll

dbghelp: loaded successfully - version: 4.0.5 - missing functions: none
symbol engine: initialized successfully - sym options: 0x614 - pdb path: .;C:\Users\Bandi.Vinay\Downloads\sts-4.22.0.RELEASE\plugins\org.eclipse.justj.openjdk.hotspot.jre.full.win32.x86_64_17.0.10.v20240120-1143\jre\bin;C:\WINDOWS\SYSTEM32;C:\WINDOWS\WinSxS\amd64_microsoft.windows.common-controls_6595b64144ccf1df_6.0.19041.4355_none_60b8b9eb71f62e16;C:\Users\Bandi.Vinay\Downloads\sts-4.22.0.RELEASE\plugins\org.eclipse.justj.openjdk.hotspot.jre.full.win32.x86_64_17.0.10.v20240120-1143\jre\bin\server

VM Arguments:
jvm_args: -Dnet.bytebuddy.agent.attacher.dump= 
java_command: net.bytebuddy.agent.Attacher com.sun.tools.attach.VirtualMachine 10460 C:\Users\Bandi.Vinay\.m2\repository\net\bytebuddy\byte-buddy-agent\1.15.11\byte-buddy-agent-1.15.11.jar false 
java_class_path (initial): C:\Users\Bandi.Vinay\.m2\repository\net\bytebuddy\byte-buddy-agent\1.15.11\byte-buddy-agent-1.15.11.jar
Launcher Type: SUN_STANDARD

[Global flags]
     intx CICompilerCount                          = 3                                         {product} {ergonomic}
     uint ConcGCThreads                            = 1                                         {product} {ergonomic}
     uint G1ConcRefinementThreads                  = 4                                         {product} {ergonomic}
   size_t G1HeapRegionSize                         = 2097152                                   {product} {ergonomic}
    uintx GCDrainStackTargetSize                   = 64                                        {product} {ergonomic}
   size_t InitialHeapSize                          = 201326592                                 {product} {ergonomic}
   size_t MarkStackSize                            = 4194304                                   {product} {ergonomic}
   size_t MaxHeapSize                              = 3193962496                                {product} {ergonomic}
   size_t MinHeapDeltaBytes                        = 2097152                                   {product} {ergonomic}
   size_t MinHeapSize                              = 8388608                                   {product} {ergonomic}
    uintx NonNMethodCodeHeapSize                   = 5832780                                {pd product} {ergonomic}
    uintx NonProfiledCodeHeapSize                  = 122912730                              {pd product} {ergonomic}
    uintx ProfiledCodeHeapSize                     = 122912730                              {pd product} {ergonomic}
    uintx ReservedCodeCacheSize                    = 251658240                              {pd product} {ergonomic}
     bool SegmentedCodeCache                       = true                                      {product} {ergonomic}
   size_t SoftMaxHeapSize                          = 3193962496                             {manageable} {ergonomic}
     bool UseCompressedClassPointers               = true                           {product lp64_product} {ergonomic}
     bool UseCompressedOops                        = true                           {product lp64_product} {ergonomic}
     bool UseG1GC                                  = true                                      {product} {ergonomic}
     bool UseLargePagesIndividualAllocation        = false                                  {pd product} {ergonomic}

Logging:
Log output configuration:
 #0: stdout all=warning uptime,level,tags
 #1: stderr all=off uptime,level,tags

Environment Variables:
JAVA_HOME=C:\Program Files\Java\jdk1.8.0_202
PATH=C:/Users/Bandi.Vinay/Downloads/sts-4.22.0.RELEASE//plugins/org.eclipse.justj.openjdk.hotspot.jre.full.win32.x86_64_17.0.10.v20240120-1143/jre/bin/server;C:/Users/Bandi.Vinay/Downloads/sts-4.22.0.RELEASE//plugins/org.eclipse.justj.openjdk.hotspot.jre.full.win32.x86_64_17.0.10.v20240120-1143/jre/bin;C:\Program Files (x86)\Common Files\Oracle\Java\javapath;C:\Program Files\Common Files\Oracle\Java\javapath;C:\WINDOWS\system32;C:\WINDOWS;C:\WINDOWS\System32\Wbem;C:\WINDOWS\System32\WindowsPowerShell\v1.0\;C:\WINDOWS\System32\OpenSSH\;C:\Program Files\WindowsPowerShell\Scripts;C:\Program Files\nodejs\;C:\Program Files\Amazon\AWSCLIV2\;C:\Program Files\PuTTY\;C:\Program Files\Go\bin;C:\Program Files\Java\jdk1.8.0_202\bin;C:\Program Files\BackupClient\CommandLineTool\;C:\Program Files (x86)\Common Files\Acronis\FileProtector\;C:\Program Files (x86)\Common Files\Acronis\FileProtector64\;C:\Program Files\BackupClient\PyShell\bin\;C:\Program Files (x86)\Common Files\Acronis\SnapAPI\;C:\Users\Bandi.Vinay\AppData\Local\Programs\Python\Python313\Scripts\;C:\Users\Bandi.Vinay\AppData\Local\Programs\Python\Python313\;C:\Users\Bandi.Vinay\AppData\Local\Programs\Python\Launcher\;C:\Users\Bandi.Vinay\AppData\Local\Microsoft\WindowsApps;C:\Users\Bandi.Vinay\AppData\Local\Programs\Microsoft VS Code\bin;C:\Users\Bandi.Vinay\AppData\Local\Programs\Git\cmd;C:\Users\Bandi.Vinay\AppData\Roaming\npm;C:\Users\Bandi.Vinay\go\bin;C:\Users\Bandi.Vinay\Downloads\sts-4.22.0.RELEASE;
USERNAME=Vinay.Bandi
OS=Windows_NT
PROCESSOR_IDENTIFIER=Intel64 Family 6 Model 69 Stepping 1, GenuineIntel
TMP=C:\Users\BANDI~1.VIN\AppData\Local\Temp
TEMP=C:\Users\BANDI~1.VIN\AppData\Local\Temp



Periodic native trim disabled


---------------  S Y S T E M  ---------------

OS:
 Windows 10 , 64 bit Build 19041 (10.0.19041.5198)
OS uptime: 22 days 20:12 hours

CPU: total 4 (initial active 4) (2 cores per cpu, 2 threads per core) family 6 model 69 stepping 1 microcode 0x26, cx8, cmov, fxsr, ht, mmx, sse, sse2, sse3, ssse3, sse4.1, sse4.2, popcnt, lzcnt, tsc, tscinvbit, avx, avx2, aes, erms, clmul, bmi1, bmi2, fma, vzeroupper, clflush
Processor Information for all 4 processors :
  Max Mhz: 2301, Current Mhz: 1600, Mhz Limit: 1587

Memory: 4k page, system-wide physical 12182M (213M free)
TotalPageFile size 24978M (AvailPageFile size 154M)
current process WorkingSet (physical memory assigned to process): 10M, peak: 10M
current process commit charge ("private bytes"): 51M, peak: 243M

vm_info: OpenJDK 64-Bit Server VM (17.0.10+7) for windows-amd64 JRE (17.0.10+7), built on Jan 16 2024 23:25:11 by "admin" with MS VC++ 16.10 / 16.11 (VS2019)

END.
